SF:lib/core/ui/sizing_util.dart
DA:2,0
DA:139,0
LF:2
LH:0
end_of_record
SF:lib/core/ui/widgets/app_toggle_button.dart
DA:7,2
DA:12,2
DA:18,2
DA:20,2
DA:21,2
DA:22,2
DA:24,2
DA:25,2
DA:26,2
DA:29,2
DA:30,2
DA:31,6
DA:32,2
LF:13
LH:13
end_of_record
SF:lib/feature/employee/presentation/employee_role_enum.dart
DA:10,4
DA:11,17
DA:13,1
DA:14,1
LF:4
LH:4
end_of_record
SF:lib/core/database/app_database.g.dart
DA:11,0
DA:40,0
DA:42,0
DA:43,0
DA:44,0
DA:45,0
DA:47,0
DA:50,0
DA:51,0
DA:52,0
DA:53,0
DA:55,0
DA:56,0
DA:58,0
DA:60,0
DA:61,0
DA:62,0
DA:64,0
DA:66,0
DA:67,0
DA:68,0
DA:70,0
DA:72,0
DA:73,0
DA:74,0
DA:76,0
DA:78,0
DA:79,0
DA:80,0
DA:82,0
DA:87,0
DA:88,0
DA:89,0
DA:91,0
DA:92,0
DA:93,0
DA:94,0
DA:95,0
DA:96,0
DA:97,0
DA:98,0
DA:99,0
DA:100,0
DA:101,0
DA:102,0
DA:106,0
DA:108,0
DA:119,2
DA:125,0
DA:127,0
DA:128,0
DA:129,0
DA:130,0
DA:131,0
DA:132,0
DA:136,0
DA:137,0
DA:138,0
DA:139,0
DA:140,0
DA:141,0
DA:142,0
DA:146,0
DA:148,0
DA:149,0
DA:150,0
DA:151,0
DA:152,0
DA:153,0
DA:154,0
DA:157,0
DA:159,0
DA:160,0
DA:161,0
DA:162,0
DA:163,0
DA:164,0
DA:165,0
DA:169,0
DA:175,0
DA:176,0
DA:177,0
DA:178,0
DA:179,0
DA:180,0
DA:182,0
DA:184,0
DA:185,0
DA:186,0
DA:187,0
DA:188,0
DA:189,0
DA:190,0
DA:191,0
DA:194,0
DA:195,0
DA:196,2
DA:199,2
DA:200,6
DA:201,6
DA:202,6
DA:203,6
DA:204,6
DA:214,0
DA:222,0
DA:229,0
DA:230,0
DA:231,0
DA:232,0
DA:233,0
DA:234,0
DA:242,0
DA:243,0
DA:244,0
DA:245,0
DA:246,0
DA:247,0
DA:248,0
DA:252,0
DA:259,0
DA:260,0
DA:261,0
DA:262,0
DA:263,0
DA:264,0
DA:265,0
DA:269,0
DA:271,0
DA:272,0
DA:273,0
DA:275,0
DA:276,0
DA:278,0
DA:279,0
DA:281,0
DA:282,0
DA:284,0
DA:285,0
DA:287,0
DA:288,0
DA:293,0
DA:295,0
DA:296,0
DA:297,0
DA:298,0
DA:299,0
DA:300,0
DA:301,0
DA:302,0
DA:303,0
DA:308,0
DA:310,0
DA:312,0
DA:313,0
DA:314,0
LF:155
LH:8
end_of_record
SF:lib/core/database/app_database.dart
DA:9,0
DA:10,0
DA:11,0
DA:12,0
DA:13,0
DA:14,0
DA:23,0
DA:25,0
DA:29,0
DA:32,0
DA:35,0
DA:38,0
DA:41,0
LF:13
LH:0
end_of_record
SF:lib/core/database/tables.dart
DA:5,0
DA:6,0
DA:8,0
DA:10,0
DA:11,0
DA:13,0
DA:14,0
LF:7
LH:0
end_of_record
SF:lib/core/extension/date_extensions.dart
DA:4,15
DA:6,1
DA:7,1
DA:8,1
DA:11,2
DA:12,2
DA:13,18
DA:16,1
DA:17,2
DA:20,2
DA:21,4
DA:22,2
DA:23,2
DA:25,4
DA:28,2
DA:29,4
DA:30,2
DA:31,2
DA:33,4
DA:36,4
DA:41,2
DA:43,6
DA:44,6
DA:45,6
DA:50,2
DA:52,8
LF:26
LH:26
end_of_record
SF:lib/feature/employee/models/employee.dart
DA:14,5
DA:22,2
DA:23,2
DA:24,2
DA:25,2
DA:26,2
DA:27,2
DA:28,2
DA:32,2
DA:39,2
DA:40,2
DA:41,1
DA:42,2
DA:43,2
DA:44,2
DA:48,4
DA:49,2
DA:50,2
DA:51,2
DA:52,2
DA:53,2
DA:56,2
DA:57,8
DA:59,9
DA:61,4
DA:63,3
DA:64,6
DA:65,6
DA:67,6
DA:69,6
LF:30
LH:30
end_of_record
SF:lib/core/extension/context_extension.dart
DA:6,1
DA:8,1
DA:9,1
DA:10,1
DA:12,1
DA:14,1
DA:15,1
DA:16,1
DA:18,0
DA:20,0
DA:21,0
DA:25,1
DA:27,1
DA:28,1
DA:30,10
DA:32,10
DA:33,10
DA:37,1
DA:38,3
DA:41,1
DA:42,3
DA:47,1
DA:51,2
DA:52,1
DA:53,1
DA:55,3
DA:61,1
DA:63,0
DA:74,2
DA:75,2
DA:80,1
DA:81,2
DA:82,2
DA:85,0
DA:89,0
DA:90,0
DA:91,0
DA:96,6
DA:98,0
DA:99,0
DA:101,0
DA:102,0
DA:104,0
DA:106,0
DA:107,0
DA:112,0
DA:116,0
DA:122,0
DA:124,0
DA:127,0
DA:133,0
DA:138,0
DA:145,0
DA:149,0
DA:156,0
DA:161,0
DA:168,0
DA:170,0
DA:171,0
DA:172,0
DA:174,0
LF:61
LH:30
end_of_record
SF:lib/core/ui/widgets/app_primary_button.dart
DA:7,3
DA:11,3
DA:16,3
DA:18,3
DA:19,3
DA:20,3
DA:27,3
DA:29,3
DA:31,3
DA:32,3
DA:33,9
LF:11
LH:11
end_of_record
SF:lib/core/ui/widgets/app_secondary_button.dart
DA:8,3
DA:12,3
DA:17,3
DA:19,3
DA:20,3
DA:21,3
DA:27,3
DA:29,3
DA:31,3
DA:32,3
DA:33,9
LF:11
LH:11
end_of_record
SF:lib/core/ui/widgets/horizontal_divider.dart
DA:7,18
DA:10,0
DA:12,3
DA:14,3
DA:15,3
LF:5
LH:4
end_of_record
SF:lib/core/ui/widgets/spacing.dart
DA:4,20
DA:6,32
DA:11,6
DA:13,6
DA:14,6
DA:15,6
LF:6
LH:6
end_of_record
SF:lib/core/ui/widgets/svg_icon.dart
DA:5,19
DA:8,0
DA:12,3
DA:14,6
LF:4
LH:3
end_of_record
SF:lib/feature/employee/presentation/widgets/app_date_picker.dart
DA:22,1
DA:27,1
DA:29,1
DA:30,1
DA:34,1
DA:36,4
DA:37,1
DA:42,4
DA:44,2
DA:46,3
DA:48,3
DA:50,3
DA:52,1
DA:54,1
DA:55,1
DA:57,1
DA:59,1
DA:61,3
DA:62,1
DA:63,1
DA:64,1
DA:65,1
DA:67,3
DA:68,1
DA:69,2
DA:70,2
DA:77,1
DA:78,1
DA:80,3
DA:81,1
DA:82,2
DA:83,2
DA:92,1
DA:93,1
DA:94,1
DA:95,1
DA:97,3
DA:98,1
DA:99,2
DA:100,2
DA:107,1
DA:108,1
DA:110,3
DA:111,1
DA:112,2
DA:113,2
DA:121,0
DA:122,0
DA:123,0
DA:124,0
DA:125,0
DA:126,0
DA:127,0
DA:128,0
DA:129,0
DA:136,0
DA:137,0
DA:138,0
DA:139,0
DA:140,0
DA:141,0
DA:144,0
DA:145,0
DA:154,1
DA:155,1
DA:160,1
DA:162,1
DA:164,3
DA:167,3
DA:170,3
DA:174,1
DA:175,3
DA:185,1
DA:186,2
DA:188,0
DA:189,0
DA:190,0
DA:193,1
DA:194,1
DA:195,2
DA:197,1
DA:198,1
DA:199,1
DA:200,1
DA:202,3
DA:203,0
DA:204,1
DA:206,1
DA:209,1
DA:210,3
DA:211,3
DA:225,1
DA:231,1
DA:234,2
DA:236,1
DA:237,1
DA:239,1
LF:97
LH:76
end_of_record
SF:lib/feature/employee/presentation/widgets/bottom_cta_bar.dart
DA:10,2
DA:16,2
DA:24,2
DA:26,2
DA:28,2
DA:33,2
DA:35,2
DA:36,6
DA:37,2
DA:38,2
DA:39,2
DA:42,2
DA:43,2
DA:44,2
LF:14
LH:14
end_of_record
SF:lib/core/ui/widgets/app_text_field.dart
DA:9,1
DA:35,1
DA:62,1
DA:64,1
DA:69,1
DA:70,1
DA:73,1
DA:75,1
DA:76,1
DA:77,2
DA:78,0
DA:80,0
DA:82,1
DA:83,1
DA:84,1
DA:85,1
DA:86,1
DA:87,1
DA:88,1
DA:89,1
DA:90,1
DA:91,1
DA:92,1
DA:93,1
DA:94,3
DA:97,1
DA:98,1
DA:99,1
DA:100,1
DA:101,1
DA:102,1
DA:103,1
DA:104,1
DA:106,1
DA:107,3
DA:111,1
DA:112,1
DA:113,1
DA:114,1
DA:119,2
DA:120,0
DA:122,0
LF:42
LH:38
end_of_record
SF:lib/core/ui/widgets/dismiss_keyboard_on_tap.dart
DA:4,1
DA:8,1
DA:10,1
DA:12,1
DA:13,1
DA:14,1
DA:15,1
DA:16,3
DA:19,1
LF:9
LH:9
end_of_record
SF:lib/core/extension/app_extension.dart
DA:2,3
LF:1
LH:1
end_of_record
SF:lib/feature/employee/repository/employee_repository.dart
DA:15,1
DA:20,1
DA:22,2
DA:23,2
DA:26,1
DA:28,3
DA:31,1
DA:33,3
DA:36,1
DA:38,3
LF:10
LH:10
end_of_record
SF:lib/feature/employee/presentation/bloc/employee_bloc.dart
DA:21,0
DA:23,2
DA:26,4
DA:27,4
DA:28,4
DA:29,4
DA:30,4
DA:31,4
DA:34,1
DA:39,2
DA:40,2
DA:41,1
DA:42,1
DA:43,1
DA:44,3
DA:46,0
DA:47,0
DA:51,1
DA:56,2
DA:57,3
DA:58,3
DA:59,1
DA:60,1
DA:61,1
DA:66,2
DA:67,1
DA:71,1
DA:76,2
DA:77,3
DA:78,1
DA:79,6
DA:80,2
DA:81,2
DA:82,3
DA:83,1
DA:84,1
DA:85,1
DA:90,0
DA:93,0
DA:94,0
DA:98,1
DA:103,2
DA:104,3
DA:105,2
DA:106,4
DA:107,3
DA:108,1
DA:109,1
DA:110,1
DA:115,0
DA:116,0
DA:120,1
DA:125,1
DA:126,0
DA:129,2
DA:130,3
DA:131,4
DA:132,1
DA:133,3
DA:135,0
DA:136,0
LF:61
LH:50
end_of_record
SF:lib/feature/employee/presentation/bloc/employee_state.dart
DA:11,9
DA:15,0
DA:16,0
DA:20,1
DA:21,1
DA:27,4
DA:29,1
DA:30,1
DA:38,3
DA:43,1
DA:44,1
DA:46,0
DA:48,0
DA:50,0
DA:52,0
DA:53,0
DA:55,0
DA:56,0
LF:18
LH:9
end_of_record
SF:lib/feature/employee/presentation/bloc/employee_event.dart
DA:4,1
DA:8,0
DA:9,0
DA:15,1
DA:19,0
DA:20,0
DA:26,1
DA:30,0
DA:31,0
DA:37,1
DA:41,0
DA:42,0
DA:46,0
DA:47,0
LF:14
LH:4
end_of_record
SF:lib/feature/employee/presentation/widgets/empty_state_view.dart
DA:12,1
DA:14,1
DA:16,1
DA:17,1
DA:19,1
DA:20,1
DA:22,1
DA:24,3
LF:8
LH:8
end_of_record
SF:lib/feature/employee/presentation/widgets/employee_tile.dart
DA:12,2
DA:17,2
DA:23,2
DA:25,2
DA:26,2
DA:27,2
DA:30,1
DA:31,1
DA:32,2
DA:35,6
DA:36,2
DA:38,2
DA:41,2
DA:42,2
DA:43,4
DA:44,6
DA:49,2
DA:50,6
DA:51,6
DA:56,2
DA:57,4
DA:58,6
DA:72,2
DA:76,1
DA:78,1
DA:80,1
LF:26
LH:26
end_of_record
SF:lib/feature/employee/presentation/widgets/employee_list_view.dart
DA:16,1
DA:20,1
DA:22,1
DA:24,1
DA:25,1
DA:26,1
DA:27,1
DA:31,1
DA:32,1
DA:33,3
DA:38,1
DA:41,1
DA:42,2
DA:43,1
DA:44,2
DA:46,0
DA:47,0
DA:48,0
DA:51,1
DA:52,2
LF:20
LH:17
end_of_record
SF:lib/feature/employee/presentation/pages/add_employee_page.dart
DA:21,0
DA:24,0
DA:28,0
DA:29,0
DA:41,0
DA:43,0
DA:44,0
DA:47,0
DA:49,0
DA:50,0
DA:51,0
DA:52,0
DA:53,0
DA:56,0
DA:57,0
DA:58,0
DA:59,0
DA:60,0
DA:61,0
DA:62,0
DA:63,0
DA:64,0
DA:65,0
DA:66,0
DA:69,0
DA:71,0
DA:73,0
DA:74,0
DA:75,0
DA:76,0
DA:80,0
DA:81,0
DA:82,0
DA:83,0
DA:84,0
DA:85,0
DA:87,0
DA:93,0
DA:94,0
DA:96,0
DA:98,0
DA:100,0
DA:101,0
DA:103,0
DA:106,0
DA:109,0
DA:114,0
DA:115,0
DA:118,0
DA:119,0
DA:120,0
DA:121,0
DA:124,0
DA:126,0
DA:132,0
DA:133,0
DA:136,0
DA:138,0
DA:148,0
DA:149,0
DA:150,0
DA:157,0
DA:158,0
DA:160,0
DA:166,0
DA:167,0
DA:168,0
DA:169,0
DA:170,0
DA:171,0
DA:172,0
DA:173,0
DA:176,0
DA:177,0
DA:178,0
DA:181,0
DA:182,0
DA:183,0
DA:184,0
DA:185,0
DA:188,0
DA:189,0
DA:190,0
DA:198,0
DA:199,0
DA:201,0
DA:203,0
DA:204,0
DA:205,0
DA:207,0
DA:208,0
DA:209,0
DA:210,0
DA:212,0
DA:215,0
DA:216,0
DA:217,0
DA:224,0
DA:225,0
DA:232,0
DA:233,0
DA:234,0
DA:235,0
DA:238,0
DA:239,0
DA:240,0
DA:241,0
DA:245,0
DA:246,0
DA:247,0
DA:248,0
DA:249,0
DA:252,0
DA:253,0
LF:114
LH:0
end_of_record
