SF:lib/core/extension/context_extension.dart
DA:6,1
DA:8,1
DA:9,1
DA:10,1
DA:12,1
DA:14,1
DA:15,1
DA:16,1
DA:18,0
DA:20,0
DA:21,0
DA:25,1
DA:27,1
DA:28,1
DA:30,2
DA:32,2
DA:33,2
DA:37,1
DA:38,3
DA:41,1
DA:42,3
DA:47,0
DA:51,0
DA:52,0
DA:53,0
DA:55,0
DA:61,0
DA:63,0
DA:74,0
DA:75,0
DA:80,0
DA:81,0
DA:82,0
DA:85,0
DA:89,0
DA:90,0
DA:91,0
DA:96,0
DA:98,0
DA:99,0
DA:101,0
DA:102,0
DA:104,0
DA:106,0
DA:107,0
DA:112,0
DA:116,0
DA:122,0
DA:124,0
DA:127,0
DA:133,0
DA:138,0
DA:145,0
DA:149,0
DA:156,0
DA:161,0
DA:168,0
DA:170,0
DA:171,0
DA:172,0
DA:174,0
LF:61
LH:18
end_of_record
SF:lib/core/extension/date_extensions.dart
DA:4,6
DA:6,1
DA:7,1
DA:8,1
DA:11,1
DA:12,1
DA:13,9
DA:16,1
DA:17,2
DA:22,1
DA:24,3
DA:25,3
DA:26,3
DA:31,2
DA:33,4
LF:15
LH:15
end_of_record
SF:lib/core/database/app_database.g.dart
DA:11,0
DA:40,0
DA:42,0
DA:43,0
DA:44,0
DA:45,0
DA:47,0
DA:50,0
DA:51,0
DA:52,0
DA:53,0
DA:55,0
DA:56,0
DA:58,0
DA:60,0
DA:61,0
DA:62,0
DA:64,0
DA:66,0
DA:67,0
DA:68,0
DA:70,0
DA:72,0
DA:73,0
DA:74,0
DA:76,0
DA:78,0
DA:79,0
DA:80,0
DA:82,0
DA:87,0
DA:88,0
DA:89,0
DA:91,0
DA:92,0
DA:93,0
DA:94,0
DA:95,0
DA:96,0
DA:97,0
DA:98,0
DA:99,0
DA:100,0
DA:101,0
DA:102,0
DA:106,0
DA:108,0
DA:119,2
DA:125,0
DA:127,0
DA:128,0
DA:129,0
DA:130,0
DA:131,0
DA:132,0
DA:136,0
DA:137,0
DA:138,0
DA:139,0
DA:140,0
DA:141,0
DA:142,0
DA:146,0
DA:148,0
DA:149,0
DA:150,0
DA:151,0
DA:152,0
DA:153,0
DA:154,0
DA:157,0
DA:159,0
DA:160,0
DA:161,0
DA:162,0
DA:163,0
DA:164,0
DA:165,0
DA:169,0
DA:175,0
DA:176,0
DA:177,0
DA:178,0
DA:179,0
DA:180,0
DA:182,0
DA:184,0
DA:185,0
DA:186,0
DA:187,0
DA:188,0
DA:189,0
DA:190,0
DA:191,0
DA:194,0
DA:195,0
DA:196,2
DA:199,2
DA:200,6
DA:201,6
DA:202,6
DA:203,6
DA:204,6
DA:214,0
DA:222,0
DA:229,0
DA:230,0
DA:231,0
DA:232,0
DA:233,0
DA:234,0
DA:242,0
DA:243,0
DA:244,0
DA:245,0
DA:246,0
DA:247,0
DA:248,0
DA:252,0
DA:259,0
DA:260,0
DA:261,0
DA:262,0
DA:263,0
DA:264,0
DA:265,0
DA:269,0
DA:271,0
DA:272,0
DA:273,0
DA:275,0
DA:276,0
DA:278,0
DA:279,0
DA:281,0
DA:282,0
DA:284,0
DA:285,0
DA:287,0
DA:288,0
DA:293,0
DA:295,0
DA:296,0
DA:297,0
DA:298,0
DA:299,0
DA:300,0
DA:301,0
DA:302,0
DA:303,0
DA:308,0
DA:310,0
DA:312,0
DA:313,0
DA:314,0
LF:155
LH:8
end_of_record
SF:lib/core/database/app_database.dart
DA:9,0
DA:10,0
DA:11,0
DA:12,0
DA:13,0
DA:14,0
DA:23,0
DA:25,0
DA:29,0
DA:32,0
DA:35,0
DA:38,0
DA:41,0
LF:13
LH:0
end_of_record
SF:lib/feature/employee/models/employee.dart
DA:14,3
DA:22,2
DA:23,2
DA:24,2
DA:25,2
DA:26,2
DA:27,2
DA:28,2
DA:32,2
DA:39,2
DA:40,2
DA:41,1
DA:42,2
DA:43,2
DA:44,2
DA:48,4
DA:49,2
DA:50,2
DA:51,2
DA:52,2
DA:53,2
DA:56,1
DA:57,4
DA:59,3
DA:61,4
DA:63,1
DA:64,2
DA:65,2
DA:67,3
DA:69,2
LF:30
LH:30
end_of_record
SF:lib/feature/employee/presentation/employee_role_enum.dart
DA:10,1
DA:11,4
DA:13,0
DA:14,0
LF:4
LH:2
end_of_record
SF:lib/core/database/tables.dart
DA:5,0
DA:6,0
DA:8,0
DA:10,0
DA:11,0
DA:13,0
DA:14,0
LF:7
LH:0
end_of_record
SF:lib/core/extension/app_extension.dart
DA:2,3
LF:1
LH:1
end_of_record
SF:lib/feature/employee/repository/employee_repository.dart
DA:15,1
DA:20,1
DA:22,2
DA:23,2
DA:26,1
DA:28,3
DA:31,1
DA:33,3
DA:36,1
DA:38,3
LF:10
LH:10
end_of_record
SF:lib/feature/employee/presentation/bloc/employee_bloc.dart
DA:21,0
DA:23,1
DA:26,2
DA:27,2
DA:28,2
DA:29,2
DA:30,2
DA:31,2
DA:34,1
DA:39,2
DA:40,2
DA:41,1
DA:42,1
DA:43,1
DA:44,3
DA:46,0
DA:47,0
DA:51,1
DA:56,2
DA:57,3
DA:58,3
DA:59,1
DA:60,1
DA:61,1
DA:66,2
DA:67,1
DA:71,1
DA:76,2
DA:77,3
DA:78,1
DA:79,6
DA:80,2
DA:81,2
DA:82,3
DA:83,1
DA:84,1
DA:85,1
DA:90,0
DA:93,0
DA:94,0
DA:98,1
DA:103,2
DA:104,3
DA:105,2
DA:106,4
DA:107,3
DA:108,1
DA:109,1
DA:110,1
DA:115,0
DA:116,0
DA:120,1
DA:125,1
DA:126,0
DA:129,2
DA:130,3
DA:131,4
DA:132,1
DA:133,3
DA:135,0
DA:136,0
LF:61
LH:50
end_of_record
SF:lib/feature/employee/presentation/bloc/employee_state.dart
DA:11,3
DA:15,0
DA:16,0
DA:20,1
DA:21,1
DA:27,1
DA:29,1
DA:30,1
DA:38,2
DA:43,1
DA:44,1
DA:46,0
DA:48,0
DA:50,0
DA:52,0
DA:53,0
DA:55,0
DA:56,0
LF:18
LH:9
end_of_record
SF:lib/feature/employee/presentation/bloc/employee_event.dart
DA:4,1
DA:8,0
DA:9,0
DA:15,1
DA:19,0
DA:20,0
DA:26,1
DA:30,0
DA:31,0
DA:37,1
DA:41,0
DA:42,0
DA:46,0
DA:47,0
LF:14
LH:4
end_of_record
SF:lib/core/ui/sizing_util.dart
DA:2,0
DA:139,0
LF:2
LH:0
end_of_record
SF:lib/core/ui/widgets/spacing.dart
DA:4,2
DA:6,0
DA:11,1
DA:13,1
DA:14,1
DA:15,1
LF:6
LH:5
end_of_record
SF:lib/feature/employee/presentation/widgets/empty_state_view.dart
DA:12,1
DA:14,1
DA:16,1
DA:17,1
DA:19,1
DA:20,1
DA:22,1
DA:24,3
LF:8
LH:8
end_of_record
